0 info it worked if it ends with ok
1 verbose cli [ 'node',
1 verbose cli   '/Users/michaelmiller/.nvm/v0.10.38/bin/npm',
1 verbose cli   'run-script',
1 verbose cli   'dev' ]
2 info using npm@1.4.28
3 info using node@v0.10.38
4 verbose run-script [ 'predev', 'dev', 'postdev' ]
5 info predev tickler-file-express@0.0.0
6 info dev tickler-file-express@0.0.0
7 verbose unsafe-perm in lifecycle true
8 info tickler-file-express@0.0.0 Failed to exec dev script
9 error tickler-file-express@0.0.0 dev: `DEBUG=tickler-file-express:* ./bin/www`
9 error Exit status 8
10 error Failed at the tickler-file-express@0.0.0 dev script.
10 error This is most likely a problem with the tickler-file-express package,
10 error not with npm itself.
10 error Tell the author that this fails on your system:
10 error     DEBUG=tickler-file-express:* ./bin/www
10 error You can get their info via:
10 error     npm owner ls tickler-file-express
10 error There is likely additional logging output above.
11 error System Darwin 14.3.0
12 error command "node" "/Users/michaelmiller/.nvm/v0.10.38/bin/npm" "run-script" "dev"
13 error cwd /Users/michaelmiller/scm/personal/tickler-file-express
14 error node -v v0.10.38
15 error npm -v 1.4.28
16 error code ELIFECYCLE
17 verbose exit [ 1, true ]
